node.exe :  ΓÜá Linting is 
disabled.
At line:1 char:1
+ & "C:\Program 
Files\nodejs/node.exe" "C:\Use
rs\Jace\AppData\Roaming\n ...
+ ~~~~~~~~~~~~~~~~~~~~~~~~~~~~
~~~~~~~~~~~~~~~~~~~~~~~~~~~~~~
~~~~~~~~~~~
    + CategoryInfo          : 
    NotSpecified: ( ΓÜá Lint  
  ing is disabled.:String)    
 [], RemoteException
    + FullyQualifiedErrorId : 
    NativeCommandError
 
 ΓÜá Warning: Next.js 
inferred your workspace root, 
but it may not be correct.
 We detected multiple 
lockfiles and selected the 
directory of C:\Users\Jace\pac
kage-lock.json as the root 
directory.
 To silence this warning, set 
`outputFileTracingRoot` in 
your Next.js config, or 
consider removing one of the 
lockfiles if it's not needed.
   See https://nextjs.org/docs
/app/api-reference/config/next
-config-js/output#caveats for 
more information.
 Detected additional 
lockfiles: 
   * C:\Users\Jace\Antigravity
\studio\package-lock.json

   Γû▓ Next.js 15.5.12

   Creating an optimized production build ...
Failed to compile.

./src/app/api/graphql/route.ts
Module not found: Can't 
resolve '@apollo/server'

https://nextjs.org/docs/messag
es/module-not-found

../../node_modules/@as-integra
tions/next/dist/lib/getHeaders
.js
Module not found: Can't 
resolve '@apollo/server'

https://nextjs.org/docs/messag
es/module-not-found

Import trace for requested 
module:
../../node_modules/@as-integra
tions/next/dist/startServerAnd
CreateNextHandler.js
../../node_modules/@as-integra
tions/next/dist/index.js
./src/app/api/graphql/route.ts


> Build failed because of 
webpack errors
