.next/types/app/api/graphql/route.ts(49,7): error TS2344: Type '{ __tag__: "GET"; __param_position__: "second"; __param_type__: undefined; }' does not satisfy the constraint 'ParamCheck<RouteContext>'.
  Types of property '__param_type__' are incompatible.
    Type 'undefined' is not assignable to type 'RouteContext'.
.next/types/app/api/graphql/route.ts(166,7): error TS2344: Type '{ __tag__: "POST"; __param_position__: "second"; __param_type__: undefined; }' does not satisfy the constraint 'ParamCheck<RouteContext>'.
  Types of property '__param_type__' are incompatible.
    Type 'undefined' is not assignable to type 'RouteContext'.
.next/types/validator.ts(333,31): error TS2344: Type 'typeof import("C:/Users/Jace/Antigravity/studio/apps/web/src/app/api/graphql/route")' does not satisfy the constraint 'RouteHandlerConfig<"/api/graphql">'.
  Types of property 'GET' are incompatible.
    Type '{ <HandlerReq extends NextApiRequest>(req: HandlerReq, res: NextApiResponse): Promise<unknown>; <HandlerReq extends NextRequest | Request>(req: HandlerReq, res?: undefined): Promise<...>; }' is not assignable to type '(request: NextRequest, context: { params: Promise<{}>; }) => void | Response | Promise<void | Response>'.
      Types of parameters 'res' and 'context' are incompatible.
        Type '{ params: Promise<{}>; }' is not assignable to type 'NextApiResponse'.
          Type '{ params: Promise<{}>; }' is missing the following properties from type 'ServerResponse<IncomingMessage>': statusCode, statusMessage, strictContentLength, assignSocket, and 62 more.
src/app/rooms/display/page.tsx(9,58): error TS2307: Cannot find module '@/components/ui/card' or its corresponding type declarations.
src/components/auth/password-change-dialog.tsx(13,8): error TS2307: Cannot find module '@/components/ui/alert-dialog' or its corresponding type declarations.
src/components/dashboard/approvals-widget.tsx(6,75): error TS2307: Cannot find module '@/components/ui/card' or its corresponding type declarations.
src/components/dashboard/approvals-widget.tsx(7,23): error TS2307: Cannot find module '@/components/ui/badge' or its corresponding type declarations.
src/components/dashboard/approvals-widget.tsx(11,24): error TS2307: Cannot find module '@/components/ui/button' or its corresponding type declarations.
src/components/dashboard/ministry-dashboard.tsx(6,75): error TS2307: Cannot find module '@/components/ui/card' or its corresponding type declarations.
src/components/dashboard/ministry-dashboard.tsx(7,23): error TS2307: Cannot find module '@/components/ui/badge' or its corresponding type declarations.
src/components/dashboard/ministry-dashboard.tsx(11,24): error TS2307: Cannot find module '@/components/ui/button' or its corresponding type declarations.
src/hooks/use-toast.ts(9,8): error TS2307: Cannot find module '@/components/ui/toast' or its corresponding type declarations.
src/hooks/use-toast.ts(161,22): error TS7006: Parameter 'open' implicitly has an 'any' type.
